<?xml version="1.0" encoding="UTF-8"?>
<!-- Generated by org.testng.reporters.JUnitXMLReporter -->
<testsuite hostname="Mohsin-PC" ignored="3" name="Regression" tests="5" failures="0" timestamp="17 Jun 2018 00:29:16 GMT" time="0.015" errors="0">
  <testcase name="eduLoanCompoundInterest" time="0.002" classname="Loan.EducationLoan"/>
  <testcase name="eduLoanDocs" time="0.002" classname="Loan.EducationLoan"/>
  <testcase name="eduLoanDuration" time="0.001" classname="Loan.EducationLoan"/>
  <testcase name="eduLoanInterest" time="0.002" classname="Loan.EducationLoan"/>
  <testcase name="eduLoanPrinciple" time="0.001" classname="Loan.EducationLoan"/>
  <testcase name="eduLoanguaranter" time="0.0" classname="Loan.EducationLoan">
    <ignored/>
  </testcase> <!-- eduLoanguaranter -->
  <testcase name="eduLoanEmiNum" time="0.0" classname="Loan.EducationLoan">
    <ignored/>
  </testcase> <!-- eduLoanEmiNum -->
  <testcase name="eduLoanEmiAmount" time="0.0" classname="Loan.EducationLoan">
    <ignored/>
  </testcase> <!-- eduLoanEmiAmount -->
</testsuite> <!-- Regression -->
