<?xml version="1.0" encoding="UTF-8"?>
<!-- Generated by org.testng.reporters.JUnitXMLReporter -->
<testsuite hostname="Mohsin-PC" ignored="0" name="Facebook Test" tests="6" failures="0" timestamp="25 Jun 2018 10:05:25 GMT" time="26.959" errors="0">
  <testcase name="getUrl" time="2.792" classname="Facebook.FacebookLogin"/>
  <testcase name="logInTest" time="8.321" classname="Facebook.FacebookLogin"/>
  <testcase name="logOutTest" time="0.293" classname="Facebook.FacebookLogin"/>
  <testcase name="CarLogInTest" time="0.017" classname="Loan.CarLoan"/>
  <testcase name="carEngine" time="0.001" classname="Loan.CarLoan"/>
  <testcase name="carWheel" time="0.002" classname="Loan.CarLoan"/>
</testsuite> <!-- Facebook Test -->
