<?xml version="1.0" encoding="UTF-8"?>
<!-- Generated by org.testng.reporters.JUnitXMLReporter -->
<testsuite hostname="Mohsin-PC" ignored="0" name="Regression Test" tests="16" failures="0" timestamp="25 Jun 2018 09:40:01 GMT" time="0.042" errors="0">
  <testcase name="eduLoanCompoundInterest" time="0.001" classname="Loan.EducationLoan"/>
  <testcase name="eduLoanDocs" time="0.001" classname="Loan.EducationLoan"/>
  <testcase name="eduLoanDuration" time="0.001" classname="Loan.EducationLoan"/>
  <testcase name="eduLoanEmiAmount" time="0.001" classname="Loan.EducationLoan"/>
  <testcase name="eduLoanEmiNum" time="0.001" classname="Loan.EducationLoan"/>
  <testcase name="eduLoanInterest" time="0.001" classname="Loan.EducationLoan"/>
  <testcase name="eduLoanPrinciple" time="0.001" classname="Loan.EducationLoan"/>
  <testcase name="eduLoanguaranter" time="0.001" classname="Loan.EducationLoan"/>
  <testcase name="perLoanCompoundInterest" time="0.001" classname="Loan.PersonalLoan"/>
  <testcase name="perLoanDocs" time="0.002" classname="Loan.PersonalLoan"/>
  <testcase name="perLoanDuration" time="0.001" classname="Loan.PersonalLoan"/>
  <testcase name="perLoanEmiAmount" time="0.001" classname="Loan.PersonalLoan"/>
  <testcase name="perLoanEmiNum" time="0.001" classname="Loan.PersonalLoan"/>
  <testcase name="perLoanInterest" time="0.001" classname="Loan.PersonalLoan"/>
  <testcase name="perLoanPrinciple" time="0.001" classname="Loan.PersonalLoan"/>
  <testcase name="perLoanguaranter" time="0.001" classname="Loan.PersonalLoan"/>
</testsuite> <!-- Regression Test -->
